------------------------------------------------------------------------
r150 | artanejp | 2010-11-01 05:48:44 +0900 (月, 01 11月 2010) | 2 lines

[GL][Draw] スキャンラインON/OFF出来るようにした

------------------------------------------------------------------------
r149 | artanejp | 2010-11-01 05:31:37 +0900 (月, 01 11月 2010) | 2 lines

[Draw][GL] スキャンラインを実装

------------------------------------------------------------------------
r147 | artanejp | 2010-11-01 03:50:42 +0900 (月, 01 11月 2010) | 3 lines

[Draw][GL] Window考慮するようにした
[Draw] バイトオーダの統一(多分、ソフトウェアスケーラの修正が必要)

------------------------------------------------------------------------
r145 | artanejp | 2010-11-01 00:21:29 +0900 (月, 01 11月 2010) | 2 lines

[Draw] XM7でとりあえず絵が出せるようになった（※描画がおかしいが）

------------------------------------------------------------------------
r142 | artanejp | 2010-10-29 05:59:04 +0900 (金, 29 10月 2010) | 2 lines

[General] とりあえずうごく

------------------------------------------------------------------------
r139 | artanejp | 2010-10-28 18:42:24 +0900 (木, 28 10月 2010) | 1 line

[GL] 正常な出力できるようにした
------------------------------------------------------------------------
r138 | artanejp | 2010-10-28 18:42:06 +0900 (木, 28 10月 2010) | 1 line

[GL] 正常な出力でｋじるようにした
------------------------------------------------------------------------
r136 | artanejp | 2010-10-28 13:13:12 +0900 (木, 28 10月 2010) | 2 lines

[Build] Add Makefile.

------------------------------------------------------------------------
r134 | artanejp | 2010-10-28 12:48:48 +0900 (木, 28 10月 2010) | 2 lines

[Build] 描画関連をlibemugrphに分離。

------------------------------------------------------------------------
