------------------------------------------------------------------------
r111 | artanejp | 2010-10-05 20:26:58 +0900 (火, 05 10月 2010) | 2 lines

[GENERAL] makefile

------------------------------------------------------------------------
r109 | artanejp | 2010-10-05 18:41:56 +0900 (火, 05 10月 2010) | 2 lines

[SND] CMT鳴らしてみてる

------------------------------------------------------------------------
r108 | artanejp | 2010-10-05 11:23:14 +0900 (火, 05 10月 2010) | 3 lines

[SND] ステートロードしたときに音声が出ない・全体が落ちることの修正
[SND] SndDrvCMTクラスの追加(雛形だけ)

------------------------------------------------------------------------
r107 | artanejp | 2010-10-04 17:11:54 +0900 (月, 04 10月 2010) | 3 lines

[Draw] 描画タイミング一回ごとにスレッドを新規に立ちあげていたのを廃止した
[Snd] SndDrvOpnクラスとSndDrvTmplクラスの重複部分の統合

------------------------------------------------------------------------
r106 | artanejp | 2010-10-04 15:34:58 +0900 (月, 04 10月 2010) | 2 lines

[SND] 機能的に重複する関数をSndDrvTmplクラスにまとめる（BEEPとWAV終了)

------------------------------------------------------------------------
r105 | artanejp | 2010-10-04 13:43:37 +0900 (月, 04 10月 2010) | 2 lines

[SND] Fix...

------------------------------------------------------------------------
r104 | artanejp | 2010-10-04 03:47:43 +0900 (月, 04 10月 2010) | 2 lines

[SND] (Maybe) Fix BEEP. 

------------------------------------------------------------------------
r103 | artanejp | 2010-10-04 02:56:40 +0900 (月, 04 10月 2010) | 2 lines

[SND] Wip...Fixing Beep...

------------------------------------------------------------------------
r102 | artanejp | 2010-10-04 00:52:04 +0900 (月, 04 10月 2010) | 2 lines

[SND] Remove Terrible noise...

------------------------------------------------------------------------
r101 | artanejp | 2010-10-02 10:20:44 +0900 (土, 02 10月 2010) | 2 lines

[SND] WIP...

------------------------------------------------------------------------
r100 | artanejp | 2010-10-01 07:20:03 +0900 (金, 01 10月 2010) | 2 lines

[General] 新ドライバでビルド出来るようにした

------------------------------------------------------------------------
r99 | artanejp | 2010-10-01 06:41:44 +0900 (金, 01 10月 2010) | 2 lines

[SND][Oops] OPNドライバのCommit忘れ補正!!

------------------------------------------------------------------------
r98 | artanejp | 2010-10-01 06:40:08 +0900 (金, 01 10月 2010) | 2 lines

[SND] やっとマトモに鳴るようになった(但しカセットテープ廻り未実装)

------------------------------------------------------------------------
r97 | artanejp | 2010-09-29 20:36:19 +0900 (水, 29  9月 2010) | 2 lines

[SND]更にコーディング(まだおとがよくない)

------------------------------------------------------------------------
r96 | artanejp | 2010-09-29 05:18:12 +0900 (水, 29  9月 2010) | 2 lines

[SND][WIP] サウンドドライバのオブジェクト志向化続き（まだまだ）

------------------------------------------------------------------------
r95 | artanejp | 2010-09-27 03:26:16 +0900 (月, 27  9月 2010) | 2 lines

[SND][WIP] サウンドドライバのカプセル化開始

------------------------------------------------------------------------
r94 | artanejp | 2010-09-27 01:41:27 +0900 (月, 27  9月 2010) | 2 lines

[GENERAL] Add ringbuffer (Queue).

------------------------------------------------------------------------
r93 | artanejp | 2010-09-27 01:39:35 +0900 (月, 27  9月 2010) | 2 lines

[]

------------------------------------------------------------------------
r92 | artanejp | 2010-09-26 18:11:18 +0900 (日, 26  9月 2010) | 2 lines

[WIP] WIP WIP WIP...

------------------------------------------------------------------------
r91 | artanejp | 2010-09-26 02:07:13 +0900 (日, 26  9月 2010) | 2 lines

[SND] Start Objective-Sound Emulation(WIP...)

------------------------------------------------------------------------
r90 | artanejp | 2010-09-24 22:00:04 +0900 (金, 24  9月 2010) | 2 lines

[KBD] Fix JoyKey correctly...

------------------------------------------------------------------------
r88 | artanejp | 2010-09-20 10:53:08 +0900 (月, 20  9月 2010) | 2 lines

[GENERAL] 3.4L31aに追随（多分動く、何本かのソフトでチェック済み）

------------------------------------------------------------------------
r87 | artanejp | 2010-09-20 01:37:32 +0900 (月, 20  9月 2010) | 2 lines

[UI] JS,KBD,MOUSE: re-coding C++,more objective:)

------------------------------------------------------------------------
r86 | artanejp | 2010-09-18 04:05:28 +0900 (土, 18  9月 2010) | 3 lines

[UI] Add api_mouse.cpp
Now,WIP...

------------------------------------------------------------------------
r85 | artanejp | 2010-09-17 17:33:30 +0900 (金, 17  9月 2010) | 2 lines

[WIP]  更にクラス作成中

------------------------------------------------------------------------
r84 | artanejp | 2010-09-17 04:39:02 +0900 (金, 17  9月 2010) | 2 lines

[UI]　キーボードなどのToolkit依存部分の分離開始(たぶんまだビルド出来ない)

------------------------------------------------------------------------
r83 | artanejp | 2010-09-13 05:26:55 +0900 (月, 13  9月 2010) | 2 lines

[UI][GTK] GRPHキーを「無変換」→「左WINキー」。

------------------------------------------------------------------------
r82 | artanejp | 2010-09-13 04:48:12 +0900 (月, 13  9月 2010) | 2 lines

[GENERAL] 0.1r82

------------------------------------------------------------------------
r81 | artanejp | 2010-09-13 04:40:45 +0900 (月, 13  9月 2010) | 2 lines

[GENERAL] Modify Makefile.

------------------------------------------------------------------------
r80 | artanejp | 2010-09-13 04:36:40 +0900 (月, 13  9月 2010) | 3 lines

[GENERAL] 未使用変数の整理
[DISP] マルチスレッド化でのCPU消費の低減(WIP)

------------------------------------------------------------------------
r79 | artanejp | 2010-09-13 00:53:12 +0900 (月, 13  9月 2010) | 2 lines

[DISP] Add Support 400line (8colors,640x400).

------------------------------------------------------------------------
r78 | artanejp | 2010-09-12 23:48:32 +0900 (日, 12  9月 2010) | 2 lines

[DISP] Re-Support 256k colors.

------------------------------------------------------------------------
r77 | artanejp | 2010-08-25 18:49:30 +0900 (水, 25  8月 2010) | 2 lines

[UI][KBD][MOUSE] GTK依存部分をgtk_kbd.cppに移動

------------------------------------------------------------------------
r74 | artanejp | 2010-08-25 05:46:38 +0900 (水, 25  8月 2010) | 2 lines

[RELEASE] 0.1α74

------------------------------------------------------------------------
r73 | artanejp | 2010-08-25 05:35:41 +0900 (水, 25  8月 2010) | 2 lines

[CPU][Emu] Fix ZFlags,etc.

------------------------------------------------------------------------
r72 | artanejp | 2010-08-25 00:58:45 +0900 (水, 25  8月 2010) | 3 lines

[UI][X11] ハードウェアキーコードを変更した
[UI][WIP] GDK <-> SDLラッパ(まだ作ってる途中)

------------------------------------------------------------------------
r67 | artanejp | 2010-08-02 15:38:50 +0900 (月, 02  8月 2010) | 2 lines

[GENERAL] Release 0.1α67　＼(^o^)／

------------------------------------------------------------------------
r66 | artanejp | 2010-08-02 15:18:17 +0900 (月, 02  8月 2010) | 2 lines

[BUILD]やっと64bitネィティブコードにできた＼(^o^)／

------------------------------------------------------------------------
r65 | artanejp | 2010-08-02 03:36:08 +0900 (月, 02  8月 2010) | 2 lines

[Genmeral] Add projects for eclipse(Sample).

------------------------------------------------------------------------
r64 | artanejp | 2010-08-02 03:33:05 +0900 (月, 02  8月 2010) | 4 lines

[WIP][Sound]Debugging for 64bit
[CPU] Fix Interrupts,sync,cwai,more...
[ToDo] Fix "Seek Error" on FDD access.

------------------------------------------------------------------------
r63 | artanejp | 2010-08-01 16:06:20 +0900 (日, 01  8月 2010) | 1 line


------------------------------------------------------------------------
r62 | artanejp | 2010-08-01 16:05:45 +0900 (日, 01  8月 2010) | 2 lines

[WIP] Debugging...

------------------------------------------------------------------------
r61 | artanejp | 2010-07-31 20:36:18 +0900 (土, 31  7月 2010) | 2 lines

[BUILD] ADD Makefile for 32bit-Crossbuild.

------------------------------------------------------------------------
r60 | artanejp | 2010-07-31 20:30:16 +0900 (土, 31  7月 2010) | 1 line

[BUILD] Eclipse IDEの排除／再設定
------------------------------------------------------------------------
r59 | artanejp | 2010-07-31 19:54:51 +0900 (土, 31  7月 2010) | 2 lines

[EMU] Debugging なう

------------------------------------------------------------------------
r58 | artanejp | 2010-07-31 02:15:18 +0900 (土, 31  7月 2010) | 2 lines

[EMU] Add c core (mostry from MESS0136).

------------------------------------------------------------------------
r57 | artanejp | 2010-05-31 20:33:19 +0900 (月, 31  5月 2010) | 2 lines

[General] Wip C-MPU Core...

------------------------------------------------------------------------
r56 | artanejp | 2010-05-31 20:32:26 +0900 (月, 31  5月 2010) | 2 lines

[General] Put C-MPU core from mame (not working Yet!)

------------------------------------------------------------------------
r55 | artanejp | 2010-05-31 20:19:06 +0900 (月, 31  5月 2010) | 2 lines

[General] Add cross-buildscript(ia32).

------------------------------------------------------------------------
r54 | artanejp | 2010-05-31 19:28:43 +0900 (月, 31  5月 2010) | 2 lines

[General] Start to eclipse.

------------------------------------------------------------------------
r53 | artanejp | 2010-05-31 19:03:57 +0900 (月, 31  5月 2010) | 2 lines

[Generic][UI] クラッシュ対策

------------------------------------------------------------------------
r52 | artanejp | 2010-05-30 01:17:42 +0900 (日, 30  5月 2010) | 2 lines

[UI] Gladeファイル整理

------------------------------------------------------------------------
r51 | artanejp | 2010-05-30 01:12:57 +0900 (日, 30  5月 2010) | 2 lines

[GENERAL] ソースコード整理

------------------------------------------------------------------------
r50 | artanejp | 2010-05-26 16:05:58 +0900 (水, 26  5月 2010) | 3 lines

[GENERAL] UI周りのクラッシュ対策(途中)
[GRAPHIC] sdl_draw_*.cの整理、全書き込みモードへの対応(400lと256kがまだ)

------------------------------------------------------------------------
r49 | artanejp | 2010-05-21 19:39:50 +0900 (金, 21  5月 2010) | 3 lines

[DISP] sdl_draw.c :マルチスレッド化開始(差分だと限界があるので全面書き換え方式にするか？）
[DISP] sdl_draw*.c : 8bpp / 16bpp 対応開始

------------------------------------------------------------------------
r48 | artanejp | 2010-05-12 06:46:42 +0900 (水, 12  5月 2010) | 2 lines

[UI][KEYBOARD] EventHandler : SDL->GTK (Why?)

------------------------------------------------------------------------
r47 | artanejp | 2010-05-12 05:39:55 +0900 (水, 12  5月 2010) | 3 lines

[SOUND] Add sdl_snd_mt.cpp : multithreaded version of sdl_snd.cpp.
[GENERAL] build to New env.

------------------------------------------------------------------------
r46 | artanejp | 2010-04-29 04:30:47 +0900 (木, 29  4月 2010) | 2 lines

[GENERAL] v0.1α45

------------------------------------------------------------------------
r45 | artanejp | 2010-04-29 04:29:54 +0900 (木, 29  4月 2010) | 7 lines

[UI] sdl_cmd.c : GTK依存部分をgtk_toolbar.[h|c]に移動
[UI] About表示復活
[UI] 設定画面の削除ボタンの廃止
[UI] キーマップ表示（手をつけたばかりで動かない)
[UI] [YES][Cancel]の配置変更、レイアウト
[UI] 下部ショートカットボタンの整備(Hookのみ)

------------------------------------------------------------------------
r42 | artanejp | 2010-04-02 03:39:26 +0900 (金, 02  4月 2010) | 2 lines

[SOUND] WAVファイルを~/.xm7/ から読み込むようにした

------------------------------------------------------------------------
r41 | artanejp | 2010-04-02 03:24:32 +0900 (金, 02  4月 2010) | 9 lines

[UI][SDL] ディスク・テープ表示のSDL化
[UI][SDL] ステータスライン表示
[UI][SDL] 各LED内の文字表示微調整
[UI] TAPEの復活
[GENERIC] 設定ファイルの/usr/local/share/xm7 へのインストール
[GENERIC] バイナリの/usr/bin へのインストール
[GENERIC] 設定ファイル／ROMを$HOME/.xm7/　で読み書きする。$HOMEがなければ./.xm7/ を掘ってみる


------------------------------------------------------------------------
r40 | artanejp | 2010-03-19 13:26:44 +0900 (金, 19  3月 2010) | 2 lines

[UI] sdl_bar.c : Cange indicater to picture/letter.

------------------------------------------------------------------------
r39 | artanejp | 2010-02-18 09:43:52 +0900 (木, 18  2月 2010) | 2 lines

[UI] sdl_bar.c : improbe (WIP..)

------------------------------------------------------------------------
r38 | artanejp | 2010-02-10 23:05:18 +0900 (水, 10  2月 2010) | 3 lines

[UI] sdl_bar.c : Replace gtk to sdl(initial).
[UI] DO not destroy property window,do destroy some widgets.

------------------------------------------------------------------------
r37 | artanejp | 2010-02-09 04:00:23 +0900 (火, 09  2月 2010) | 2 lines

[UI] More gtkbuilder :(

------------------------------------------------------------------------
r36 | artanejp | 2010-02-08 22:40:23 +0900 (月, 08  2月 2010) | 2 lines

[UI][GTK] Transfer to GTKBUILDER.

------------------------------------------------------------------------
r35 | artanejp | 2010-02-08 09:16:36 +0900 (月, 08  2月 2010) | 2 lines

[UI/GTK] Add GLADE files (Initial.)

------------------------------------------------------------------------
r34 | artanejp | 2010-02-07 04:16:14 +0900 (日, 07  2月 2010) | 2 lines

[UI][KBD] Add redefun.keyboard(1st).

------------------------------------------------------------------------
r33 | artanejp | 2010-02-07 04:16:06 +0900 (日, 07  2月 2010) | 2 lines

[UI][KBD] Add redefun.keyboard(1st).

------------------------------------------------------------------------
r30 | artanejp | 2010-02-02 02:40:47 +0900 (火, 02  2月 2010) | 5 lines

[UI][GENERAL] Separate GTK+/GDK depended part from sdl_main.c to gtk_main.c.
[GENERAL] Separate GTK part (MORE..)
[UI] rename sdl_prop.c -> gtk_prop.c
.

------------------------------------------------------------------------
r29 | artanejp | 2010-02-02 02:40:35 +0900 (火, 02  2月 2010) | 5 lines

[UI][GENERAL] Separate GTK+/GDK depended part from sdl_main.c to gtk_main.c.
[GENERAL] Separate GTK part (MORE..)
[UI] rename sdl_prop.c -> gtk_prop.c
.

------------------------------------------------------------------------
r28 | artanejp | 2010-02-02 02:40:26 +0900 (火, 02  2月 2010) | 5 lines

[UI][GENERAL] Separate GTK+/GDK depended part from sdl_main.c to gtk_main.c.
[GENERAL] Separate GTK part (MORE..)
[UI] rename sdl_prop.c -> gtk_prop.c
.

------------------------------------------------------------------------
r27 | artanejp | 2010-02-02 02:40:12 +0900 (火, 02  2月 2010) | 5 lines

[UI][GENERAL] Separate GTK+/GDK depended part from sdl_main.c to gtk_main.c.
[GENERAL] Separate GTK part (MORE..)
[UI] rename sdl_prop.c -> gtk_prop.c
.

------------------------------------------------------------------------
r26 | artanejp | 2010-02-02 02:39:42 +0900 (火, 02  2月 2010) | 5 lines

[UI][GENERAL] Separate GTK+/GDK depended part from sdl_main.c to gtk_main.c.
[GENERAL] Separate GTK part (MORE..)
[UI] rename sdl_prop.c -> gtk_prop.c
.

------------------------------------------------------------------------
r25 | artanejp | 2010-02-02 02:39:25 +0900 (火, 02  2月 2010) | 5 lines

[UI][GENERAL] Separate GTK+/GDK depended part from sdl_main.c to gtk_main.c.
[GENERAL] Separate GTK part (MORE..)
[UI] rename sdl_prop.c -> gtk_prop.c
.

------------------------------------------------------------------------
r24 | artanejp | 2010-02-02 02:38:41 +0900 (火, 02  2月 2010) | 5 lines

[UI][GENERAL] Separate GTK+/GDK depended part from sdl_main.c to gtk_main.c.
[GENERAL] Separate GTK part (MORE..)
[UI] rename sdl_prop.c -> gtk_prop.c
.

------------------------------------------------------------------------
r23 | artanejp | 2010-02-02 02:38:13 +0900 (火, 02  2月 2010) | 5 lines

[UI][GENERAL] Separate GTK+/GDK depended part from sdl_main.c to gtk_main.c.
[GENERAL] Separate GTK part (MORE..)
[UI] rename sdl_prop.c -> gtk_prop.c
.

------------------------------------------------------------------------
r22 | artanejp | 2010-02-02 02:37:00 +0900 (火, 02  2月 2010) | 5 lines

[UI][GENERAL] Separate GTK+/GDK depended part from sdl_main.c to gtk_main.c.
[GENERAL] Separate GTK part (MORE..)
[UI] rename sdl_prop.c -> gtk_prop.c
.

------------------------------------------------------------------------
r21 | artanejp | 2010-02-02 02:36:30 +0900 (火, 02  2月 2010) | 5 lines

[UI][GENERAL] Separate GTK+/GDK depended part from sdl_main.c to gtk_main.c.
[GENERAL] Separate GTK part (MORE..)
[UI] rename sdl_prop.c -> gtk_prop.c
.

------------------------------------------------------------------------
r20 | artanejp | 2010-02-01 18:52:08 +0900 (月, 01  2月 2010) | 3 lines

[GENERAL][UI] Separate GTK depended part from sdl_main.c to gtk_main.c.
[SOUND] Fix conflict between  opn_notify() and ApplySnd(). 

------------------------------------------------------------------------
r19 | artanejp | 2010-02-01 05:19:50 +0900 (月, 01  2月 2010) | 4 lines

[UI] Add *Volume.
[GENERAL] Set resolution by XM7.INI.
[GENERAL] More refine sourcecode (WIP,WIP...)

------------------------------------------------------------------------
r18 | artanejp | 2010-02-01 01:00:54 +0900 (月, 01  2月 2010) | 3 lines

[UI] Begin to separate depended by toolkit.
[GENERAL] REMOVE ^M (Wip...) 

------------------------------------------------------------------------
r15 | artanejp | 2010-01-31 02:27:05 +0900 (日, 31  1月 2010) | 4 lines

[GENERAL] re-indent by "indent -orig".
[SND][VM] Update FMGen to XM7/Win32 v3.4L30
[VIDEO] Separate inline-macro to sdl_drawcommon.h 

------------------------------------------------------------------------
r14 | artanejp | 2010-01-29 11:44:45 +0900 (金, 29  1月 2010) | 2 lines

[VIDEO][640][4096] Faster a bit.

------------------------------------------------------------------------
r13 | artanejp | 2010-01-29 00:22:28 +0900 (金, 29  1月 2010) | 2 lines

[VIDEO] Add 1280x800 mode. Slowly yet,not implemented to 256k and 400l yet.

------------------------------------------------------------------------
r12 | artanejp | 2010-01-28 18:23:56 +0900 (木, 28  1月 2010) | 2 lines

[VIDEO] Add resolution change function.

------------------------------------------------------------------------
r11 | artanejp | 2010-01-28 15:43:30 +0900 (木, 28  1月 2010) | 2 lines

[UI][JOYSTICK] Add rapid setting(s).

------------------------------------------------------------------------
r10 | artanejp | 2010-01-27 04:33:10 +0900 (水, 27  1月 2010) | 2 lines

[VIDEO][UI]sdl_draw.c :ウインドウリサイズのテスト。外部操作はまだインプリしてない。

------------------------------------------------------------------------
r9 | artanejp | 2010-01-27 02:03:59 +0900 (水, 27  1月 2010) | 2 lines

[UI][GTK] ADD JoyStick setting menu (Yet, skelton only...)

------------------------------------------------------------------------
r8 | artanejp | 2010-01-26 21:52:12 +0900 (火, 26  1月 2010) | 2 lines

[GENERAL][IO]設定ファイルとブランクディスク・テープ作成をFIX.file_chmod廃止?

------------------------------------------------------------------------
r7 | artanejp | 2010-01-26 21:16:50 +0900 (火, 26  1月 2010) | 2 lines

[VM][GENERAL][Linux] XM7ステートファイル作成時permissionがWONLYだったのでCHMODするようにした

------------------------------------------------------------------------
r6 | artanejp | 2010-01-26 04:14:45 +0900 (火, 26  1月 2010) | 2 lines

[VM] Track with XM7-3.4L30.(VM part only). 

------------------------------------------------------------------------
r5 | artanejp | 2010-01-25 20:34:35 +0900 (月, 25  1月 2010) | 2 lines

[SOUND] Reduce memory.

------------------------------------------------------------------------
r4 | artanejp | 2010-01-25 18:57:58 +0900 (月, 25  1月 2010) | 2 lines

[SOUND] Set chunk-size to uBufSize / (4*uChannels).

------------------------------------------------------------------------
r3 | artanejp | 2010-01-25 13:54:24 +0900 (月, 25  1月 2010) | 2 lines

[VIDEO] Split sdl_draw.c by VIDEOMODE.Too long... :(

------------------------------------------------------------------------
r2 | artanejp | 2010-01-24 23:57:44 +0900 (日, 24  1月 2010) | 2 lines

[VIDEO][GENERAL] Re-rised SDL-DirectDraw. etc. Now,OPENGL support is buggy ;(

------------------------------------------------------------------------
r1 | artanejp | 2010-01-24 19:17:34 +0900 (日, 24  1月 2010) | 2 lines

[GENERAL] Initial upload. (Local rev. 15)

------------------------------------------------------------------------
